[2021-05-17 10:14:41,044] INFO [ControllerEventThread controllerId=0] Starting (kafka.controller.ControllerEventManager$ControllerEventThread)
[2021-05-17 10:14:41,071] INFO [Controller id=0] 0 successfully elected as the controller. Epoch incremented to 5 and epoch zk version is now 5 (kafka.controller.KafkaController)
[2021-05-17 10:14:41,071] INFO [Controller id=0] Registering handlers (kafka.controller.KafkaController)
[2021-05-17 10:14:41,075] INFO [Controller id=0] Deleting log dir event notifications (kafka.controller.KafkaController)
[2021-05-17 10:14:41,078] INFO [Controller id=0] Deleting isr change notifications (kafka.controller.KafkaController)
[2021-05-17 10:14:41,081] INFO [Controller id=0] Initializing controller context (kafka.controller.KafkaController)
[2021-05-17 10:14:41,113] DEBUG [Controller id=0] Register BrokerModifications handler for Set(0) (kafka.controller.KafkaController)
[2021-05-17 10:14:41,132] DEBUG [Channel manager on controller 0]: Controller 0 trying to connect to broker 0 (kafka.controller.ControllerChannelManager)
[2021-05-17 10:14:41,147] INFO [RequestSendThread controllerId=0] Starting (kafka.controller.RequestSendThread)
[2021-05-17 10:14:41,149] INFO [Controller id=0] Partitions being reassigned: Map() (kafka.controller.KafkaController)
[2021-05-17 10:14:41,151] INFO [Controller id=0] Currently active brokers in the cluster: Set(0) (kafka.controller.KafkaController)
[2021-05-17 10:14:41,152] INFO [Controller id=0] Currently shutting brokers in the cluster: Set() (kafka.controller.KafkaController)
[2021-05-17 10:14:41,153] INFO [Controller id=0] Current list of topics in the cluster: Set(test-topic) (kafka.controller.KafkaController)
[2021-05-17 10:14:41,154] INFO [Controller id=0] Fetching topic deletions in progress (kafka.controller.KafkaController)
[2021-05-17 10:14:41,162] INFO [Controller id=0] List of topics to be deleted:  (kafka.controller.KafkaController)
[2021-05-17 10:14:41,163] INFO [Controller id=0] List of topics ineligible for deletion:  (kafka.controller.KafkaController)
[2021-05-17 10:14:41,163] INFO [Controller id=0] Initializing topic deletion manager (kafka.controller.KafkaController)
[2021-05-17 10:14:41,164] INFO [Controller id=0] Sending update metadata request (kafka.controller.KafkaController)
[2021-05-17 10:14:41,182] INFO [ReplicaStateMachine controllerId=0] Initializing replica state (kafka.controller.ReplicaStateMachine)
[2021-05-17 10:14:41,190] INFO [ReplicaStateMachine controllerId=0] Triggering online replica state changes (kafka.controller.ReplicaStateMachine)
[2021-05-17 10:14:41,193] INFO [RequestSendThread controllerId=0] Controller 0 connected to bolius-mbp.cn.ibm.com:9092 (id: 0 rack: null) for sending state change requests (kafka.controller.RequestSendThread)
[2021-05-17 10:14:41,222] INFO [ReplicaStateMachine controllerId=0] Started replica state machine with initial state -> Map([Topic=test-topic,Partition=0,Replica=0] -> OnlineReplica) (kafka.controller.ReplicaStateMachine)
[2021-05-17 10:14:41,224] INFO [PartitionStateMachine controllerId=0] Initializing partition state (kafka.controller.PartitionStateMachine)
[2021-05-17 10:14:41,228] INFO [PartitionStateMachine controllerId=0] Triggering online partition state changes (kafka.controller.PartitionStateMachine)
[2021-05-17 10:14:41,231] INFO [PartitionStateMachine controllerId=0] Started partition state machine with initial state -> Map(test-topic-0 -> OnlinePartition) (kafka.controller.PartitionStateMachine)
[2021-05-17 10:14:41,232] INFO [Controller id=0] Ready to serve as the new controller with epoch 5 (kafka.controller.KafkaController)
[2021-05-17 10:14:41,236] INFO [Controller id=0] Removing partitions Set() from the list of reassigned partitions in zookeeper (kafka.controller.KafkaController)
[2021-05-17 10:14:41,237] INFO [Controller id=0] No more partitions need to be reassigned. Deleting zk path /admin/reassign_partitions (kafka.controller.KafkaController)
[2021-05-17 10:14:41,254] INFO [Controller id=0] Partitions undergoing preferred replica election:  (kafka.controller.KafkaController)
[2021-05-17 10:14:41,255] INFO [Controller id=0] Partitions that completed preferred replica election:  (kafka.controller.KafkaController)
[2021-05-17 10:14:41,256] INFO [Controller id=0] Skipping preferred replica election for partitions due to topic deletion:  (kafka.controller.KafkaController)
[2021-05-17 10:14:41,257] INFO [Controller id=0] Resuming preferred replica election for partitions:  (kafka.controller.KafkaController)
[2021-05-17 10:14:41,258] INFO [Controller id=0] Starting preferred replica leader election for partitions  (kafka.controller.KafkaController)
[2021-05-17 10:14:41,262] INFO [Controller id=0] Starting the controller scheduler (kafka.controller.KafkaController)
[2021-05-17 10:14:46,274] TRACE [Controller id=0] Checking need to trigger auto leader balancing (kafka.controller.KafkaController)
[2021-05-17 10:14:46,277] DEBUG [Controller id=0] Preferred replicas by broker Map(0 -> Map(test-topic-0 -> Vector(0))) (kafka.controller.KafkaController)
[2021-05-17 10:14:46,280] DEBUG [Controller id=0] Topics not in preferred replica for broker 0 Map() (kafka.controller.KafkaController)
[2021-05-17 10:14:46,281] TRACE [Controller id=0] Leader imbalance ratio for broker 0 is 0.0 (kafka.controller.KafkaController)
[2021-05-17 10:22:48,241] TRACE [Controller id=0] Checking need to trigger auto leader balancing (kafka.controller.KafkaController)
[2021-05-17 10:22:48,248] DEBUG [Controller id=0] Preferred replicas by broker Map(0 -> Map(test-topic-0 -> Vector(0))) (kafka.controller.KafkaController)
[2021-05-17 10:22:48,248] DEBUG [Controller id=0] Topics not in preferred replica for broker 0 Map() (kafka.controller.KafkaController)
[2021-05-17 10:22:48,249] TRACE [Controller id=0] Leader imbalance ratio for broker 0 is 0.0 (kafka.controller.KafkaController)
[2021-05-17 10:23:10,624] DEBUG [Controller id=0] Resigning (kafka.controller.KafkaController)
[2021-05-17 10:23:10,625] DEBUG [Controller id=0] Unregister BrokerModifications handler for Set(0) (kafka.controller.KafkaController)
[2021-05-17 10:23:10,631] INFO [PartitionStateMachine controllerId=0] Stopped partition state machine (kafka.controller.PartitionStateMachine)
[2021-05-17 10:23:10,635] INFO [ReplicaStateMachine controllerId=0] Stopped replica state machine (kafka.controller.ReplicaStateMachine)
[2021-05-17 10:23:10,637] INFO [RequestSendThread controllerId=0] Shutting down (kafka.controller.RequestSendThread)
[2021-05-17 10:23:10,638] INFO [RequestSendThread controllerId=0] Stopped (kafka.controller.RequestSendThread)
[2021-05-17 10:23:10,638] INFO [RequestSendThread controllerId=0] Shutdown completed (kafka.controller.RequestSendThread)
[2021-05-17 10:23:10,644] INFO [Controller id=0] Resigned (kafka.controller.KafkaController)
[2021-05-17 10:23:10,660] INFO [Controller id=0] 0 successfully elected as the controller. Epoch incremented to 6 and epoch zk version is now 6 (kafka.controller.KafkaController)
[2021-05-17 10:23:10,660] INFO [Controller id=0] Registering handlers (kafka.controller.KafkaController)
[2021-05-17 10:23:10,662] INFO [Controller id=0] Deleting log dir event notifications (kafka.controller.KafkaController)
[2021-05-17 10:23:10,665] INFO [Controller id=0] Deleting isr change notifications (kafka.controller.KafkaController)
[2021-05-17 10:23:10,666] INFO [Controller id=0] Initializing controller context (kafka.controller.KafkaController)
[2021-05-17 10:23:10,673] DEBUG [Controller id=0] Register BrokerModifications handler for Set(0) (kafka.controller.KafkaController)
[2021-05-17 10:23:10,679] DEBUG [Channel manager on controller 0]: Controller 0 trying to connect to broker 0 (kafka.controller.ControllerChannelManager)
[2021-05-17 10:23:10,685] INFO [RequestSendThread controllerId=0] Starting (kafka.controller.RequestSendThread)
[2021-05-17 10:23:10,686] INFO [Controller id=0] Partitions being reassigned: Map() (kafka.controller.KafkaController)
[2021-05-17 10:23:10,686] INFO [Controller id=0] Currently active brokers in the cluster: Set(0) (kafka.controller.KafkaController)
[2021-05-17 10:23:10,686] INFO [Controller id=0] Currently shutting brokers in the cluster: Set() (kafka.controller.KafkaController)
[2021-05-17 10:23:10,686] INFO [Controller id=0] Current list of topics in the cluster: Set(test-topic) (kafka.controller.KafkaController)
[2021-05-17 10:23:10,686] INFO [Controller id=0] Fetching topic deletions in progress (kafka.controller.KafkaController)
[2021-05-17 10:23:10,687] INFO [Controller id=0] List of topics to be deleted:  (kafka.controller.KafkaController)
[2021-05-17 10:23:10,687] INFO [Controller id=0] List of topics ineligible for deletion:  (kafka.controller.KafkaController)
[2021-05-17 10:23:10,687] INFO [Controller id=0] Initializing topic deletion manager (kafka.controller.KafkaController)
[2021-05-17 10:23:10,688] INFO [Controller id=0] Sending update metadata request (kafka.controller.KafkaController)
[2021-05-17 10:23:10,688] INFO [ReplicaStateMachine controllerId=0] Initializing replica state (kafka.controller.ReplicaStateMachine)
[2021-05-17 10:23:10,688] INFO [ReplicaStateMachine controllerId=0] Triggering online replica state changes (kafka.controller.ReplicaStateMachine)
[2021-05-17 10:23:10,690] INFO [ReplicaStateMachine controllerId=0] Started replica state machine with initial state -> Map([Topic=test-topic,Partition=0,Replica=0] -> OnlineReplica) (kafka.controller.ReplicaStateMachine)
[2021-05-17 10:23:10,690] INFO [PartitionStateMachine controllerId=0] Initializing partition state (kafka.controller.PartitionStateMachine)
[2021-05-17 10:23:10,690] INFO [PartitionStateMachine controllerId=0] Triggering online partition state changes (kafka.controller.PartitionStateMachine)
[2021-05-17 10:23:10,690] INFO [PartitionStateMachine controllerId=0] Started partition state machine with initial state -> Map(test-topic-0 -> OnlinePartition) (kafka.controller.PartitionStateMachine)
[2021-05-17 10:23:10,690] INFO [Controller id=0] Ready to serve as the new controller with epoch 6 (kafka.controller.KafkaController)
[2021-05-17 10:23:10,691] INFO [Controller id=0] Removing partitions Set() from the list of reassigned partitions in zookeeper (kafka.controller.KafkaController)
[2021-05-17 10:23:10,691] INFO [Controller id=0] No more partitions need to be reassigned. Deleting zk path /admin/reassign_partitions (kafka.controller.KafkaController)
[2021-05-17 10:23:10,691] INFO [RequestSendThread controllerId=0] Controller 0 connected to bolius-mbp.cn.ibm.com:9092 (id: 0 rack: null) for sending state change requests (kafka.controller.RequestSendThread)
[2021-05-17 10:23:10,695] INFO [Controller id=0] Partitions undergoing preferred replica election:  (kafka.controller.KafkaController)
[2021-05-17 10:23:10,695] INFO [Controller id=0] Partitions that completed preferred replica election:  (kafka.controller.KafkaController)
[2021-05-17 10:23:10,696] INFO [Controller id=0] Skipping preferred replica election for partitions due to topic deletion:  (kafka.controller.KafkaController)
[2021-05-17 10:23:10,696] INFO [Controller id=0] Resuming preferred replica election for partitions:  (kafka.controller.KafkaController)
[2021-05-17 10:23:10,696] INFO [Controller id=0] Starting preferred replica leader election for partitions  (kafka.controller.KafkaController)
[2021-05-17 10:23:10,699] INFO [Controller id=0] Starting the controller scheduler (kafka.controller.KafkaController)
[2021-05-17 10:23:21,818] TRACE [Controller id=0] Checking need to trigger auto leader balancing (kafka.controller.KafkaController)
[2021-05-17 10:23:21,818] DEBUG [Controller id=0] Preferred replicas by broker Map(0 -> Map(test-topic-0 -> Vector(0))) (kafka.controller.KafkaController)
[2021-05-17 10:23:21,818] DEBUG [Controller id=0] Topics not in preferred replica for broker 0 Map() (kafka.controller.KafkaController)
[2021-05-17 10:23:21,818] TRACE [Controller id=0] Leader imbalance ratio for broker 0 is 0.0 (kafka.controller.KafkaController)
[2021-05-17 10:23:50,704] DEBUG [Controller id=0] Resigning (kafka.controller.KafkaController)
[2021-05-17 10:23:50,708] DEBUG [Controller id=0] Unregister BrokerModifications handler for Set(0) (kafka.controller.KafkaController)
[2021-05-17 10:23:53,814] INFO [PartitionStateMachine controllerId=0] Stopped partition state machine (kafka.controller.PartitionStateMachine)
[2021-05-17 10:23:53,814] INFO [ReplicaStateMachine controllerId=0] Stopped replica state machine (kafka.controller.ReplicaStateMachine)
[2021-05-17 10:23:53,814] INFO [RequestSendThread controllerId=0] Shutting down (kafka.controller.RequestSendThread)
[2021-05-17 10:23:53,814] INFO [RequestSendThread controllerId=0] Stopped (kafka.controller.RequestSendThread)
[2021-05-17 10:23:53,814] INFO [RequestSendThread controllerId=0] Shutdown completed (kafka.controller.RequestSendThread)
[2021-05-17 10:23:53,818] INFO [Controller id=0] Resigned (kafka.controller.KafkaController)
