[2021-05-17 10:14:41,174] TRACE [Controller id=0 epoch=5] Sending UpdateMetadata request PartitionState(controllerEpoch=4, leader=0, leaderEpoch=0, isr=[0], zkVersion=0, replicas=[0], offlineReplicas=[]) to brokers Set(0) for partition test-topic-0 (state.change.logger)
[2021-05-17 10:14:41,213] TRACE [Controller id=0 epoch=5] Changed state of replica 0 for partition test-topic-0 from OnlineReplica to OnlineReplica (state.change.logger)
[2021-05-17 10:14:41,216] TRACE [Controller id=0 epoch=5] Sending become-leader LeaderAndIsr request PartitionState(controllerEpoch=4, leader=0, leaderEpoch=0, isr=0, zkVersion=0, replicas=0, isNew=false) to broker 0 for partition test-topic-0 (state.change.logger)
[2021-05-17 10:14:41,221] TRACE [Controller id=0 epoch=5] Sending UpdateMetadata request PartitionState(controllerEpoch=4, leader=0, leaderEpoch=0, isr=[0], zkVersion=0, replicas=[0], offlineReplicas=[]) to brokers Set(0) for partition test-topic-0 (state.change.logger)
[2021-05-17 10:14:41,253] TRACE [Broker id=0] Cached leader info PartitionState(controllerEpoch=4, leader=0, leaderEpoch=0, isr=[0], zkVersion=0, replicas=[0], offlineReplicas=[]) for partition test-topic-0 in response to UpdateMetadata request sent by controller 0 epoch 5 with correlation id 0 (state.change.logger)
[2021-05-17 10:14:41,261] TRACE [Controller id=0 epoch=5] Received response {error_code=0} for request UPDATE_METADATA with correlation id 0 sent to broker bolius-mbp.cn.ibm.com:9092 (id: 0 rack: null) (state.change.logger)
[2021-05-17 10:14:41,271] TRACE [Broker id=0] Received LeaderAndIsr request PartitionState(controllerEpoch=4, leader=0, leaderEpoch=0, isr=0, zkVersion=0, replicas=0, isNew=false) correlation id 1 from controller 0 epoch 5 for partition test-topic-0 (state.change.logger)
[2021-05-17 10:14:42,104] TRACE [Broker id=0] Handling LeaderAndIsr request correlationId 1 from controller 0 epoch 5 starting the become-leader transition for partition test-topic-0 (state.change.logger)
[2021-05-17 10:14:44,117] TRACE [Broker id=0] Stopped fetchers as part of become-leader request from controller 0 epoch 5 with correlation id 1 for partition test-topic-0 (last update controller epoch 4) (state.change.logger)
[2021-05-17 10:14:44,119] TRACE [Broker id=0] Completed LeaderAndIsr request correlationId 1 from controller 0 epoch 5 for the become-leader transition for partition test-topic-0 (state.change.logger)
[2021-05-17 10:14:44,129] TRACE [Controller id=0 epoch=5] Received response {error_code=0,partitions=[{topic=test-topic,partition=0,error_code=0}]} for request LEADER_AND_ISR with correlation id 1 sent to broker bolius-mbp.cn.ibm.com:9092 (id: 0 rack: null) (state.change.logger)
[2021-05-17 10:14:44,132] TRACE [Broker id=0] Cached leader info PartitionState(controllerEpoch=4, leader=0, leaderEpoch=0, isr=[0], zkVersion=0, replicas=[0], offlineReplicas=[]) for partition test-topic-0 in response to UpdateMetadata request sent by controller 0 epoch 5 with correlation id 2 (state.change.logger)
[2021-05-17 10:14:44,133] TRACE [Controller id=0 epoch=5] Received response {error_code=0} for request UPDATE_METADATA with correlation id 2 sent to broker bolius-mbp.cn.ibm.com:9092 (id: 0 rack: null) (state.change.logger)
[2021-05-17 10:23:10,688] TRACE [Controller id=0 epoch=6] Sending UpdateMetadata request PartitionState(controllerEpoch=4, leader=0, leaderEpoch=0, isr=[0], zkVersion=0, replicas=[0], offlineReplicas=[]) to brokers Set(0) for partition test-topic-0 (state.change.logger)
[2021-05-17 10:23:10,689] TRACE [Controller id=0 epoch=6] Changed state of replica 0 for partition test-topic-0 from OnlineReplica to OnlineReplica (state.change.logger)
[2021-05-17 10:23:10,689] TRACE [Controller id=0 epoch=6] Sending become-leader LeaderAndIsr request PartitionState(controllerEpoch=4, leader=0, leaderEpoch=0, isr=0, zkVersion=0, replicas=0, isNew=false) to broker 0 for partition test-topic-0 (state.change.logger)
[2021-05-17 10:23:10,689] TRACE [Controller id=0 epoch=6] Sending UpdateMetadata request PartitionState(controllerEpoch=4, leader=0, leaderEpoch=0, isr=[0], zkVersion=0, replicas=[0], offlineReplicas=[]) to brokers Set(0) for partition test-topic-0 (state.change.logger)
[2021-05-17 10:23:10,694] TRACE [Broker id=0] Cached leader info PartitionState(controllerEpoch=4, leader=0, leaderEpoch=0, isr=[0], zkVersion=0, replicas=[0], offlineReplicas=[]) for partition test-topic-0 in response to UpdateMetadata request sent by controller 0 epoch 6 with correlation id 0 (state.change.logger)
[2021-05-17 10:23:10,695] TRACE [Controller id=0 epoch=6] Received response {error_code=0} for request UPDATE_METADATA with correlation id 0 sent to broker bolius-mbp.cn.ibm.com:9092 (id: 0 rack: null) (state.change.logger)
[2021-05-17 10:23:10,697] TRACE [Broker id=0] Received LeaderAndIsr request PartitionState(controllerEpoch=4, leader=0, leaderEpoch=0, isr=0, zkVersion=0, replicas=0, isNew=false) correlation id 1 from controller 0 epoch 6 for partition test-topic-0 (state.change.logger)
[2021-05-17 10:23:10,698] WARN [Broker id=0] Ignoring LeaderAndIsr request from controller 0 with correlation id 1 epoch 6 for partition test-topic-0 since its associated leader epoch 0 is not higher than the current leader epoch 0 (state.change.logger)
[2021-05-17 10:23:10,703] TRACE [Controller id=0 epoch=6] Received response {error_code=0,partitions=[{topic=test-topic,partition=0,error_code=11}]} for request LEADER_AND_ISR with correlation id 1 sent to broker bolius-mbp.cn.ibm.com:9092 (id: 0 rack: null) (state.change.logger)
[2021-05-17 10:23:10,704] TRACE [Broker id=0] Cached leader info PartitionState(controllerEpoch=4, leader=0, leaderEpoch=0, isr=[0], zkVersion=0, replicas=[0], offlineReplicas=[]) for partition test-topic-0 in response to UpdateMetadata request sent by controller 0 epoch 6 with correlation id 2 (state.change.logger)
[2021-05-17 10:23:10,705] TRACE [Controller id=0 epoch=6] Received response {error_code=0} for request UPDATE_METADATA with correlation id 2 sent to broker bolius-mbp.cn.ibm.com:9092 (id: 0 rack: null) (state.change.logger)
